nohup: ввод игнорируется

                                                    .::^^^^:::::^^^^::.                             
                                                 .:^^:.             ..:^^:.                         
                                               .^^.                      .:^^.                      
                                              ^^                  :^.       .:^:                    
                                            .!.                  ~:.:^^        :^:                  
                     ^^^.                   7.                   .^^. :^         ^~                 
                   ::^~:~^:                ~:                    .^             . :~                
                  ^?7~~: ?^^              .~                          :        ::! .~               
                  ^~~^.  ~.!.             ^^                        :^^~         !  !.              
                    :^   !::~.            ^^                       ^~  !     .^^:.  !               
                     :~. ^. .^^:.          !                      .?~. !    ^^ .!  ~:               
                      .:~:     .:^:.       :^                     ^^^^:~   !!. .~ ~^                
                         ~^       .^^:      ^^                    .!!^~ ^:.~~^ ~.~:                 
                          ^^         :^^.    ^^                    :^^:.7.:!!:~^~.                  
                           .~:         .^^:   :~                     ....7:~^::!                    
                             ^^.          :^:  .~.           .....       ^.   ^^                    
                              .^:           :^:..~.         .:.??:            .!                    
                                :^.           .^^:!.          :!.~:            7                    
                                  :^.            :~7          !: .~!:.        :!                    
                         ..         :^.            ..         ^~^^^..:::     :~.                    
                 ..:::::::::^::::....:!~.                                .:^^:                ...    
              .:^:..          ...::::...:^.               .^:::::::::^^^^~~^:::....       .:^::^^!^.
    .^^^^^..:^^.                          :^.                 .^.            ...:::^^:::^^:..:^!?~!:
   ^^.   .:::                                                :^.                       .    ^~~!7^. 
 .~:                                                       :~^.                        ...:^^:..    
.!. ::                                                  .:^::.:::::::::::...........::^^...         
!:  !:                                                .^^.             ........::::...              
7   ~~                                            .:^^:                                             
:^^^^^^:..        ..::::..                    ..:^:.                                                
       .:::^^:::^^~7~7:^::              ...::^^:.                                                   
              .^^..  .         .:::^^:::::..                                                         
             .!.                .:^^.                                                                
            .!.              .:^^:                                                                  
            ~:   ..    ...:^^^:                                                                      
            !.   .^!^:^:::..                                                                         
            .~^:^^^.                                                                                 

time="2025-05-08T23:49:05+03:00" level=info msg="Volatility for BABYDOGEUSDT: price=0.00000000, vol=4.28%, data_points=25"
time="2025-05-08T23:49:06+03:00" level=info msg="Liquidity for BABYDOGEUSDT: total_bid=46779.22 USDT (threshold=20000.00)"
time="2025-05-08T23:49:06+03:00" level=info msg="Volatility for VINUUSDT: price=0.00000001, vol=4.86%, data_points=25"
signal: killed
